---------------------------------------------------------------
[ 2018-10-17T20:25:42+08:00 ] 192.168.1.86 POST /workspace/sanqiplan/public/index/user/doregister.html
[ info ] 192.168.1.86/workspace/sanqiplan/public/index/user/doregister.html [运行时间：0.027001s][吞吐率：37.04req/s] [内存消耗：1,896.77kb] [文件加载：45]
[ info ] [ LANG ] D:\WWW\workspace\sanqiplan\thinkphp\lang\zh-cn.php
[ info ] [ ROUTE ] array (
  'type' => 'module',
  'module' => 
  array (
    0 => 'index',
    1 => 'user',
    2 => 'doregister',
  ),
)
[ info ] [ HEADER ] array (
  'host' => '192.168.1.86',
  'connection' => 'keep-alive',
  'content-length' => '45',
  'cache-control' => 'max-age=0',
  'accept' => 'text/html,application/xhtml+xml,application/xml;q=0.9,image/webp,*/*;q=0.8',
  'content-type' => 'application/x-www-form-urlencoded',
  'origin' => 'http://192.168.1.86',
  'user-agent' => 'Mozilla/5.0 (Windows NT 6.1; WOW64) AppleWebKit/537.36 (KHTML, like Gecko) Chrome/39.0.2171.95 Safari/537.36 MicroMessenger/6.5.2.501 NetType/WIFI WindowsWechat QBCore/3.43.901.400 QQBrowser/9.0.2524.400',
  'referer' => 'http://192.168.1.86/workspace/sanqiplan/public/index/user/register/errorMsg/%E8%AF%B7%E5%A1%AB%E5%86%99%E6%89%8B%E6%9C%BA%E5%8F%B7.html',
  'accept-encoding' => 'gzip, deflate',
  'accept-language' => 'zh-CN,zh;q=0.8,en-us;q=0.6,en;q=0.5;q=0.4',
  'cookie' => 'thinkphp_show_page_trace=0|0; thinkphp_show_page_trace=0|0; PHPSESSID=ta2p0sgn8u8bp9djj9c0mkhlr2',
)
[ info ] [ PARAM ] array (
  'pid' => '0',
  'nickname' => '',
  'mobile' => '',
  'password' => '',
  'repassword' => '',
)
[ info ] [ RUN ] app\index\controller\User->doRegister[ D:\WWW\workspace\sanqiplan\application\index\controller\User.php ]
[ info ] [ LOG ] INIT File
---------------------------------------------------------------
[ 2018-10-17T20:25:42+08:00 ] 192.168.1.86 GET /workspace/sanqiplan/public/index/user/register/errorMsg/%E8%AF%B7%E5%A1%AB%E5%86%99%E6%89%8B%E6%9C%BA%E5%8F%B7.html
[ info ] 192.168.1.86/workspace/sanqiplan/public/index/user/register/errorMsg/%E8%AF%B7%E5%A1%AB%E5%86%99%E6%89%8B%E6%9C%BA%E5%8F%B7.html [运行时间：0.032001s][吞吐率：31.25req/s] [内存消耗：1,984.72kb] [文件加载：47]
[ info ] [ LANG ] D:\WWW\workspace\sanqiplan\thinkphp\lang\zh-cn.php
[ info ] [ ROUTE ] array (
  'type' => 'module',
  'module' => 
  array (
    0 => 'index',
    1 => 'user',
    2 => 'register',
  ),
)
[ info ] [ HEADER ] array (
  'host' => '192.168.1.86',
  'connection' => 'keep-alive',
  'cache-control' => 'max-age=0',
  'accept' => 'text/html,application/xhtml+xml,application/xml;q=0.9,image/webp,*/*;q=0.8',
  'user-agent' => 'Mozilla/5.0 (Windows NT 6.1; WOW64) AppleWebKit/537.36 (KHTML, like Gecko) Chrome/39.0.2171.95 Safari/537.36 MicroMessenger/6.5.2.501 NetType/WIFI WindowsWechat QBCore/3.43.901.400 QQBrowser/9.0.2524.400',
  'referer' => 'http://192.168.1.86/workspace/sanqiplan/public/index/user/register/errorMsg/%E8%AF%B7%E5%A1%AB%E5%86%99%E6%89%8B%E6%9C%BA%E5%8F%B7.html',
  'accept-encoding' => 'gzip, deflate',
  'accept-language' => 'zh-CN,zh;q=0.8,en-us;q=0.6,en;q=0.5;q=0.4',
  'cookie' => 'thinkphp_show_page_trace=0|0; thinkphp_show_page_trace=0|0; thinkphp_show_page_trace=0|0; PHPSESSID=ta2p0sgn8u8bp9djj9c0mkhlr2',
)
[ info ] [ PARAM ] array (
  'errorMsg' => '请填写手机号',
)
[ info ] [ RUN ] app\index\controller\User->register[ D:\WWW\workspace\sanqiplan\application\index\controller\User.php ]
[ info ] [ VIEW ] D:\WWW\workspace\sanqiplan\public/../application/index\view\user\register.html [ array (
) ]
[ info ] [ LOG ] INIT File
